-------------------------------------------------------------------------------
Test set: com.cg.invent.demo.SpringBootDemoApplicationTests
-------------------------------------------------------------------------------
Tests run: 1, Failures: 0, Errors: 1, Skipped: 0, Time elapsed: 0.375 s <<< FAILURE! - in com.cg.invent.demo.SpringBootDemoApplicationTests
initializationError(com.cg.invent.demo.SpringBootDemoApplicationTests)  Time elapsed: 0.004 s  <<< ERROR!
java.lang.IllegalStateException: Unable to find a @SpringBootConfiguration, you need to use @ContextConfiguration or @SpringBootTest(classes=...) with your test

