<?xml version="1.0" encoding="UTF-8"?>
<testsuite xmlns:xsi="http://www.w3.org/2001/XMLSchema-instance" xsi:noNamespaceSchemaLocation="https://maven.apache.org/surefire/maven-surefire-plugin/xsd/surefire-test-report.xsd" name="com.cg.invent.demo.SpringBootDemoApplicationTests" time="0.375" tests="1" errors="1" skipped="0" failures="0">
  <properties>
[...]
</properties>
  <testcase name="initializationError" classname="com.cg.invent.demo.SpringBootDemoApplicationTests" time="0.004">
    <error message="Unable to find a @SpringBootConfiguration, you need to use @ContextConfiguration or @SpringBootTest(classes=...) with your test" type="java.lang.IllegalStateException">java.lang.IllegalStateException: Unable to find a @SpringBootConfiguration, you need to use @ContextConfiguration or @SpringBootTest(classes=...) with your test
</error>
    <system-out><![CDATA[23:09:14.531 [main] DEBUG org.springframework.test.context.junit4.SpringJUnit4ClassRunner - SpringJUnit4ClassRunner constructor called with [class com.cg.invent.demo.SpringBootDemoApplicationTests]
23:09:14.537 [main] DEBUG org.springframework.test.context.BootstrapUtils - Instantiating CacheAwareContextLoaderDelegate from class [org.springframework.test.context.cache.DefaultCacheAwareContextLoaderDelegate]
23:09:14.546 [main] DEBUG org.springframework.test.context.BootstrapUtils - Instantiating BootstrapContext using constructor [public org.springframework.test.context.support.DefaultBootstrapContext(java.lang.Class,org.springframework.test.context.CacheAwareContextLoaderDelegate)]
23:09:14.562 [main] DEBUG org.springframework.test.context.BootstrapUtils - Instantiating TestContextBootstrapper for test class [com.cg.invent.demo.SpringBootDemoApplicationTests] from class [org.springframework.boot.test.context.SpringBootTestContextBootstrapper]
23:09:14.578 [main] INFO org.springframework.boot.test.context.SpringBootTestContextBootstrapper - Neither @ContextConfiguration nor @ContextHierarchy found for test class [com.cg.invent.demo.SpringBootDemoApplicationTests], using SpringBootContextLoader
23:09:14.581 [main] DEBUG org.springframework.test.context.support.AbstractContextLoader - Did not detect default resource location for test class [com.cg.invent.demo.SpringBootDemoApplicationTests]: class path resource [com/cg/invent/demo/SpringBootDemoApplicationTests-context.xml] does not exist
23:09:14.581 [main] DEBUG org.springframework.test.context.support.AbstractContextLoader - Did not detect default resource location for test class [com.cg.invent.demo.SpringBootDemoApplicationTests]: class path resource [com/cg/invent/demo/SpringBootDemoApplicationTestsContext.groovy] does not exist
23:09:14.582 [main] INFO org.springframework.test.context.support.AbstractContextLoader - Could not detect default resource locations for test class [com.cg.invent.demo.SpringBootDemoApplicationTests]: no resource found for suffixes {-context.xml, Context.groovy}.
23:09:14.582 [main] INFO org.springframework.test.context.support.AnnotationConfigContextLoaderUtils - Could not detect default configuration classes for test class [com.cg.invent.demo.SpringBootDemoApplicationTests]: SpringBootDemoApplicationTests does not declare any static, non-private, non-final, nested classes annotated with @Configuration.
23:09:14.621 [main] DEBUG org.springframework.test.context.support.ActiveProfilesUtils - Could not find an 'annotation declaring class' for annotation type [org.springframework.test.context.ActiveProfiles] and class [com.cg.invent.demo.SpringBootDemoApplicationTests]
23:09:14.629 [main] DEBUG org.springframework.core.env.StandardEnvironment - Adding PropertySource 'systemProperties' with lowest search precedence
23:09:14.629 [main] DEBUG org.springframework.core.env.StandardEnvironment - Adding PropertySource 'systemEnvironment' with lowest search precedence
23:09:14.630 [main] DEBUG org.springframework.core.env.StandardEnvironment - Initialized StandardEnvironment with PropertySources [MapPropertySource@1356728614 {name='systemProperties', properties={java.runtime.name=Java(TM) SE Runtime Environment, sun.boot.library.path=C:\Program Files\Java\jdk1.8.0_221\jre\bin, java.vm.version=25.221-b11, java.vm.vendor=Oracle Corporation, java.vendor.url=http://java.oracle.com/, path.separator=;, java.vm.name=Java HotSpot(TM) 64-Bit Server VM, file.encoding.pkg=sun.io, user.country=US, user.script=, sun.java.launcher=SUN_STANDARD, sun.os.patch.level=, java.vm.specification.name=Java Virtual Machine Specification, user.dir=C:\Downloads\springbootrestdemo, java.runtime.version=1.8.0_221-b11, basedir=C:\Downloads\springbootrestdemo, java.awt.graphicsenv=sun.awt.Win32GraphicsEnvironment, java.endorsed.dirs=C:\Program Files\Java\jdk1.8.0_221\jre\lib\endorsed, os.arch=amd64, surefire.real.class.path=C:\Users\asunder\AppData\Local\Temp\surefire4334260247295384876\surefirebooter8172843469709631987.jar, java.io.tmpdir=C:\Users\asunder\AppData\Local\Temp\, line.separator=
, java.vm.specification.vendor=Oracle Corporation, user.variant=, os.name=Windows 10, sun.jnu.encoding=Cp1252, java.library.path=C:\Program Files\Java\jdk1.8.0_221\jre\bin;C:\WINDOWS\Sun\Java\bin;C:\WINDOWS\system32;C:\WINDOWS;C:/Program Files/Java/jdk1.8.0_221/bin/../jre/bin/server;C:/Program Files/Java/jdk1.8.0_221/bin/../jre/bin;C:/Program Files/Java/jdk1.8.0_221/bin/../jre/lib/amd64;C:\WINDOWS\system32;C:\WINDOWS;C:\WINDOWS\System32\Wbem;C:\WINDOWS\System32\WindowsPowerShell\v1.0\;C:\WINDOWS\System32\OpenSSH\;C:\Program Files\Amazon\AWSCLI\bin\;C:\Program Files\Docker\Docker\resources\bin;C:\ProgramData\DockerDesktop\version-bin;C:\Program Files\Java\jdk1.8.0_221\bin;C:\Program Files\MySQL\MySQL Shell 8.0\bin\;C:\Ruby25-x64\bin;C:\Program Files\apache-maven-3.6.1\bin;;C:\Users\asunder\AppData\Local\Programs\Microsoft VS Code\bin;C:\Users\asunder\AppData\Roaming\Cloud Foundry;C:\STS\STS-3.9.8-win32-x86_64\sts-bundle\sts-3.9.8.RELEASE;;., surefire.test.class.path=C:\Downloads\springbootrestdemo\target\test-classes;C:\Downloads\springbootrestdemo\target\classes;C:\Users\asunder\.m2\repository\org\springframework\boot\spring-boot-starter-web\2.0.5.RELEASE\spring-boot-starter-web-2.0.5.RELEASE.jar;C:\Users\asunder\.m2\repository\org\springframework\boot\spring-boot-starter\2.0.5.RELEASE\spring-boot-starter-2.0.5.RELEASE.jar;C:\Users\asunder\.m2\repository\org\springframework\boot\spring-boot\2.0.5.RELEASE\spring-boot-2.0.5.RELEASE.jar;C:\Users\asunder\.m2\repository\org\springframework\boot\spring-boot-autoconfigure\2.0.5.RELEASE\spring-boot-autoconfigure-2.0.5.RELEASE.jar;C:\Users\asunder\.m2\repository\org\springframework\boot\spring-boot-starter-logging\2.0.5.RELEASE\spring-boot-starter-logging-2.0.5.RELEASE.jar;C:\Users\asunder\.m2\repository\ch\qos\logback\logback-classic\1.2.3\logback-classic-1.2.3.jar;C:\Users\asunder\.m2\repository\ch\qos\logback\logback-core\1.2.3\logback-core-1.2.3.jar;C:\Users\asunder\.m2\repository\org\apache\logging\log4j\log4j-to-slf4j\2.10.0\log4j-to-slf4j-2.10.0.jar;C:\Users\asunder\.m2\repository\org\apache\logging\log4j\log4j-api\2.10.0\log4j-api-2.10.0.jar;C:\Users\asunder\.m2\repository\org\slf4j\jul-to-slf4j\1.7.25\jul-to-slf4j-1.7.25.jar;C:\Users\asunder\.m2\repository\javax\annotation\javax.annotation-api\1.3.2\javax.annotation-api-1.3.2.jar;C:\Users\asunder\.m2\repository\org\yaml\snakeyaml\1.19\snakeyaml-1.19.jar;C:\Users\asunder\.m2\repository\org\springframework\boot\spring-boot-starter-json\2.0.5.RELEASE\spring-boot-starter-json-2.0.5.RELEASE.jar;C:\Users\asunder\.m2\repository\com\fasterxml\jackson\core\jackson-databind\2.9.6\jackson-databind-2.9.6.jar;C:\Users\asunder\.m2\repository\com\fasterxml\jackson\core\jackson-annotations\2.9.0\jackson-annotations-2.9.0.jar;C:\Users\asunder\.m2\repository\com\fasterxml\jackson\core\jackson-core\2.9.6\jackson-core-2.9.6.jar;C:\Users\asunder\.m2\repository\com\fasterxml\jackson\datatype\jackson-datatype-jdk8\2.9.6\jackson-datatype-jdk8-2.9.6.jar;C:\Users\asunder\.m2\repository\com\fasterxml\jackson\datatype\jackson-datatype-jsr310\2.9.6\jackson-datatype-jsr310-2.9.6.jar;C:\Users\asunder\.m2\repository\com\fasterxml\jackson\module\jackson-module-parameter-names\2.9.6\jackson-module-parameter-names-2.9.6.jar;C:\Users\asunder\.m2\repository\org\springframework\boot\spring-boot-starter-tomcat\2.0.5.RELEASE\spring-boot-starter-tomcat-2.0.5.RELEASE.jar;C:\Users\asunder\.m2\repository\org\apache\tomcat\embed\tomcat-embed-core\8.5.34\tomcat-embed-core-8.5.34.jar;C:\Users\asunder\.m2\repository\org\apache\tomcat\embed\tomcat-embed-el\8.5.34\tomcat-embed-el-8.5.34.jar;C:\Users\asunder\.m2\repository\org\apache\tomcat\embed\tomcat-embed-websocket\8.5.34\tomcat-embed-websocket-8.5.34.jar;C:\Users\asunder\.m2\repository\org\hibernate\validator\hibernate-validator\6.0.12.Final\hibernate-validator-6.0.12.Final.jar;C:\Users\asunder\.m2\repository\javax\validation\validation-api\2.0.1.Final\validation-api-2.0.1.Final.jar;C:\Users\asunder\.m2\repository\org\jboss\logging\jboss-logging\3.3.2.Final\jboss-logging-3.3.2.Final.jar;C:\Users\asunder\.m2\repository\com\fasterxml\classmate\1.3.4\classmate-1.3.4.jar;C:\Users\asunder\.m2\repository\org\springframework\spring-web\5.0.9.RELEASE\spring-web-5.0.9.RELEASE.jar;C:\Users\asunder\.m2\repository\org\springframework\spring-beans\5.0.9.RELEASE\spring-beans-5.0.9.RELEASE.jar;C:\Users\asunder\.m2\repository\org\springframework\spring-webmvc\5.0.9.RELEASE\spring-webmvc-5.0.9.RELEASE.jar;C:\Users\asunder\.m2\repository\org\springframework\spring-aop\5.0.9.RELEASE\spring-aop-5.0.9.RELEASE.jar;C:\Users\asunder\.m2\repository\org\springframework\spring-context\5.0.9.RELEASE\spring-context-5.0.9.RELEASE.jar;C:\Users\asunder\.m2\repository\org\springframework\spring-expression\5.0.9.RELEASE\spring-expression-5.0.9.RELEASE.jar;C:\Users\asunder\.m2\repository\org\springframework\boot\spring-boot-starter-test\2.0.5.RELEASE\spring-boot-starter-test-2.0.5.RELEASE.jar;C:\Users\asunder\.m2\repository\org\springframework\boot\spring-boot-test\2.0.5.RELEASE\spring-boot-test-2.0.5.RELEASE.jar;C:\Users\asunder\.m2\repository\org\springframework\boot\spring-boot-test-autoconfigure\2.0.5.RELEASE\spring-boot-test-autoconfigure-2.0.5.RELEASE.jar;C:\Users\asunder\.m2\repository\com\jayway\jsonpath\json-path\2.4.0\json-path-2.4.0.jar;C:\Users\asunder\.m2\repository\net\minidev\json-smart\2.3\json-smart-2.3.jar;C:\Users\asunder\.m2\repository\net\minidev\accessors-smart\1.2\accessors-smart-1.2.jar;C:\Users\asunder\.m2\repository\org\ow2\asm\asm\5.0.4\asm-5.0.4.jar;C:\Users\asunder\.m2\repository\org\slf4j\slf4j-api\1.7.25\slf4j-api-1.7.25.jar;C:\Users\asunder\.m2\repository\junit\junit\4.12\junit-4.12.jar;C:\Users\asunder\.m2\repository\org\assertj\assertj-core\3.9.1\assertj-core-3.9.1.jar;C:\Users\asunder\.m2\repository\org\mockito\mockito-core\2.15.0\mockito-core-2.15.0.jar;C:\Users\asunder\.m2\repository\net\bytebuddy\byte-buddy\1.7.11\byte-buddy-1.7.11.jar;C:\Users\asunder\.m2\repository\net\bytebuddy\byte-buddy-agent\1.7.11\byte-buddy-agent-1.7.11.jar;C:\Users\asunder\.m2\repository\org\objenesis\objenesis\2.6\objenesis-2.6.jar;C:\Users\asunder\.m2\repository\org\hamcrest\hamcrest-core\1.3\hamcrest-core-1.3.jar;C:\Users\asunder\.m2\repository\org\hamcrest\hamcrest-library\1.3\hamcrest-library-1.3.jar;C:\Users\asunder\.m2\repository\org\skyscreamer\jsonassert\1.5.0\jsonassert-1.5.0.jar;C:\Users\asunder\.m2\repository\com\vaadin\external\google\android-json\0.0.20131108.vaadin1\android-json-0.0.20131108.vaadin1.jar;C:\Users\asunder\.m2\repository\org\springframework\spring-core\5.0.9.RELEASE\spring-core-5.0.9.RELEASE.jar;C:\Users\asunder\.m2\repository\org\springframework\spring-jcl\5.0.9.RELEASE\spring-jcl-5.0.9.RELEASE.jar;C:\Users\asunder\.m2\repository\org\springframework\spring-test\5.0.9.RELEASE\spring-test-5.0.9.RELEASE.jar;C:\Users\asunder\.m2\repository\org\xmlunit\xmlunit-core\2.5.1\xmlunit-core-2.5.1.jar;C:\Users\asunder\.m2\repository\org\apache\commons\commons-math3\3.0\commons-math3-3.0.jar;C:\Users\asunder\.m2\repository\org\projectlombok\lombok\1.16.22\lombok-1.16.22.jar;C:\Users\asunder\.m2\repository\javax\persistence\persistence-api\1.0.2\persistence-api-1.0.2.jar;C:\Users\asunder\.m2\repository\org\springframework\boot\spring-boot-configuration-processor\2.0.5.RELEASE\spring-boot-configuration-processor-2.0.5.RELEASE.jar;C:\Users\asunder\.m2\repository\com\splunk\splunk\1.6.0.0\splunk-1.6.0.0.jar;C:\Users\asunder\.m2\repository\com\googlecode\json-simple\json-simple\1.1.1\json-simple-1.1.1.jar;, java.specification.name=Java Platform API Specification, java.class.version=52.0, sun.management.compiler=HotSpot 64-Bit Tiered Compilers, os.version=10.0, user.home=C:\Users\asunder, user.timezone=America/New_York, java.awt.printerjob=sun.awt.windows.WPrinterJob, file.encoding=Cp1252, java.specification.version=1.8, java.class.path=C:\Downloads\springbootrestdemo\target\test-classes;C:\Downloads\springbootrestdemo\target\classes;C:\Users\asunder\.m2\repository\org\springframework\boot\spring-boot-starter-web\2.0.5.RELEASE\spring-boot-starter-web-2.0.5.RELEASE.jar;C:\Users\asunder\.m2\repository\org\springframework\boot\spring-boot-starter\2.0.5.RELEASE\spring-boot-starter-2.0.5.RELEASE.jar;C:\Users\asunder\.m2\repository\org\springframework\boot\spring-boot\2.0.5.RELEASE\spring-boot-2.0.5.RELEASE.jar;C:\Users\asunder\.m2\repository\org\springframework\boot\spring-boot-autoconfigure\2.0.5.RELEASE\spring-boot-autoconfigure-2.0.5.RELEASE.jar;C:\Users\asunder\.m2\repository\org\springframework\boot\spring-boot-starter-logging\2.0.5.RELEASE\spring-boot-starter-logging-2.0.5.RELEASE.jar;C:\Users\asunder\.m2\repository\ch\qos\logback\logback-classic\1.2.3\logback-classic-1.2.3.jar;C:\Users\asunder\.m2\repository\ch\qos\logback\logback-core\1.2.3\logback-core-1.2.3.jar;C:\Users\asunder\.m2\repository\org\apache\logging\log4j\log4j-to-slf4j\2.10.0\log4j-to-slf4j-2.10.0.jar;C:\Users\asunder\.m2\repository\org\apache\logging\log4j\log4j-api\2.10.0\log4j-api-2.10.0.jar;C:\Users\asunder\.m2\repository\org\slf4j\jul-to-slf4j\1.7.25\jul-to-slf4j-1.7.25.jar;C:\Users\asunder\.m2\repository\javax\annotation\javax.annotation-api\1.3.2\javax.annotation-api-1.3.2.jar;C:\Users\asunder\.m2\repository\org\yaml\snakeyaml\1.19\snakeyaml-1.19.jar;C:\Users\asunder\.m2\repository\org\springframework\boot\spring-boot-starter-json\2.0.5.RELEASE\spring-boot-starter-json-2.0.5.RELEASE.jar;C:\Users\asunder\.m2\repository\com\fasterxml\jackson\core\jackson-databind\2.9.6\jackson-databind-2.9.6.jar;C:\Users\asunder\.m2\repository\com\fasterxml\jackson\core\jackson-annotations\2.9.0\jackson-annotations-2.9.0.jar;C:\Users\asunder\.m2\repository\com\fasterxml\jackson\core\jackson-core\2.9.6\jackson-core-2.9.6.jar;C:\Users\asunder\.m2\repository\com\fasterxml\jackson\datatype\jackson-datatype-jdk8\2.9.6\jackson-datatype-jdk8-2.9.6.jar;C:\Users\asunder\.m2\repository\com\fasterxml\jackson\datatype\jackson-datatype-jsr310\2.9.6\jackson-datatype-jsr310-2.9.6.jar;C:\Users\asunder\.m2\repository\com\fasterxml\jackson\module\jackson-module-parameter-names\2.9.6\jackson-module-parameter-names-2.9.6.jar;C:\Users\asunder\.m2\repository\org\springframework\boot\spring-boot-starter-tomcat\2.0.5.RELEASE\spring-boot-starter-tomcat-2.0.5.RELEASE.jar;C:\Users\asunder\.m2\repository\org\apache\tomcat\embed\tomcat-embed-core\8.5.34\tomcat-embed-core-8.5.34.jar;C:\Users\asunder\.m2\repository\org\apache\tomcat\embed\tomcat-embed-el\8.5.34\tomcat-embed-el-8.5.34.jar;C:\Users\asunder\.m2\repository\org\apache\tomcat\embed\tomcat-embed-websocket\8.5.34\tomcat-embed-websocket-8.5.34.jar;C:\Users\asunder\.m2\repository\org\hibernate\validator\hibernate-validator\6.0.12.Final\hibernate-validator-6.0.12.Final.jar;C:\Users\asunder\.m2\repository\javax\validation\validation-api\2.0.1.Final\validation-api-2.0.1.Final.jar;C:\Users\asunder\.m2\repository\org\jboss\logging\jboss-logging\3.3.2.Final\jboss-logging-3.3.2.Final.jar;C:\Users\asunder\.m2\repository\com\fasterxml\classmate\1.3.4\classmate-1.3.4.jar;C:\Users\asunder\.m2\repository\org\springframework\spring-web\5.0.9.RELEASE\spring-web-5.0.9.RELEASE.jar;C:\Users\asunder\.m2\repository\org\springframework\spring-beans\5.0.9.RELEASE\spring-beans-5.0.9.RELEASE.jar;C:\Users\asunder\.m2\repository\org\springframework\spring-webmvc\5.0.9.RELEASE\spring-webmvc-5.0.9.RELEASE.jar;C:\Users\asunder\.m2\repository\org\springframework\spring-aop\5.0.9.RELEASE\spring-aop-5.0.9.RELEASE.jar;C:\Users\asunder\.m2\repository\org\springframework\spring-context\5.0.9.RELEASE\spring-context-5.0.9.RELEASE.jar;C:\Users\asunder\.m2\repository\org\springframework\spring-expression\5.0.9.RELEASE\spring-expression-5.0.9.RELEASE.jar;C:\Users\asunder\.m2\repository\org\springframework\boot\spring-boot-starter-test\2.0.5.RELEASE\spring-boot-starter-test-2.0.5.RELEASE.jar;C:\Users\asunder\.m2\repository\org\springframework\boot\spring-boot-test\2.0.5.RELEASE\spring-boot-test-2.0.5.RELEASE.jar;C:\Users\asunder\.m2\repository\org\springframework\boot\spring-boot-test-autoconfigure\2.0.5.RELEASE\spring-boot-test-autoconfigure-2.0.5.RELEASE.jar;C:\Users\asunder\.m2\repository\com\jayway\jsonpath\json-path\2.4.0\json-path-2.4.0.jar;C:\Users\asunder\.m2\repository\net\minidev\json-smart\2.3\json-smart-2.3.jar;C:\Users\asunder\.m2\repository\net\minidev\accessors-smart\1.2\accessors-smart-1.2.jar;C:\Users\asunder\.m2\repository\org\ow2\asm\asm\5.0.4\asm-5.0.4.jar;C:\Users\asunder\.m2\repository\org\slf4j\slf4j-api\1.7.25\slf4j-api-1.7.25.jar;C:\Users\asunder\.m2\repository\junit\junit\4.12\junit-4.12.jar;C:\Users\asunder\.m2\repository\org\assertj\assertj-core\3.9.1\assertj-core-3.9.1.jar;C:\Users\asunder\.m2\repository\org\mockito\mockito-core\2.15.0\mockito-core-2.15.0.jar;C:\Users\asunder\.m2\repository\net\bytebuddy\byte-buddy\1.7.11\byte-buddy-1.7.11.jar;C:\Users\asunder\.m2\repository\net\bytebuddy\byte-buddy-agent\1.7.11\byte-buddy-agent-1.7.11.jar;C:\Users\asunder\.m2\repository\org\objenesis\objenesis\2.6\objenesis-2.6.jar;C:\Users\asunder\.m2\repository\org\hamcrest\hamcrest-core\1.3\hamcrest-core-1.3.jar;C:\Users\asunder\.m2\repository\org\hamcrest\hamcrest-library\1.3\hamcrest-library-1.3.jar;C:\Users\asunder\.m2\repository\org\skyscreamer\jsonassert\1.5.0\jsonassert-1.5.0.jar;C:\Users\asunder\.m2\repository\com\vaadin\external\google\android-json\0.0.20131108.vaadin1\android-json-0.0.20131108.vaadin1.jar;C:\Users\asunder\.m2\repository\org\springframework\spring-core\5.0.9.RELEASE\spring-core-5.0.9.RELEASE.jar;C:\Users\asunder\.m2\repository\org\springframework\spring-jcl\5.0.9.RELEASE\spring-jcl-5.0.9.RELEASE.jar;C:\Users\asunder\.m2\repository\org\springframework\spring-test\5.0.9.RELEASE\spring-test-5.0.9.RELEASE.jar;C:\Users\asunder\.m2\repository\org\xmlunit\xmlunit-core\2.5.1\xmlunit-core-2.5.1.jar;C:\Users\asunder\.m2\repository\org\apache\commons\commons-math3\3.0\commons-math3-3.0.jar;C:\Users\asunder\.m2\repository\org\projectlombok\lombok\1.16.22\lombok-1.16.22.jar;C:\Users\asunder\.m2\repository\javax\persistence\persistence-api\1.0.2\persistence-api-1.0.2.jar;C:\Users\asunder\.m2\repository\org\springframework\boot\spring-boot-configuration-processor\2.0.5.RELEASE\spring-boot-configuration-processor-2.0.5.RELEASE.jar;C:\Users\asunder\.m2\repository\com\splunk\splunk\1.6.0.0\splunk-1.6.0.0.jar;C:\Users\asunder\.m2\repository\com\googlecode\json-simple\json-simple\1.1.1\json-simple-1.1.1.jar;, user.name=asunder, java.vm.specification.version=1.8, sun.java.command=C:\Users\asunder\AppData\Local\Temp\surefire4334260247295384876\surefirebooter8172843469709631987.jar C:\Users\asunder\AppData\Local\Temp\surefire4334260247295384876 2020-02-14T23-09-12_222-jvmRun1 surefire6918333850861996364tmp surefire_07566976040433905661tmp, java.home=C:\Program Files\Java\jdk1.8.0_221\jre, sun.arch.data.model=64, user.language=en, java.specification.vendor=Oracle Corporation, awt.toolkit=sun.awt.windows.WToolkit, java.vm.info=mixed mode, java.version=1.8.0_221, java.ext.dirs=C:\Program Files\Java\jdk1.8.0_221\jre\lib\ext;C:\WINDOWS\Sun\Java\lib\ext, sun.boot.class.path=C:\Program Files\Java\jdk1.8.0_221\jre\lib\resources.jar;C:\Program Files\Java\jdk1.8.0_221\jre\lib\rt.jar;C:\Program Files\Java\jdk1.8.0_221\jre\lib\sunrsasign.jar;C:\Program Files\Java\jdk1.8.0_221\jre\lib\jsse.jar;C:\Program Files\Java\jdk1.8.0_221\jre\lib\jce.jar;C:\Program Files\Java\jdk1.8.0_221\jre\lib\charsets.jar;C:\Program Files\Java\jdk1.8.0_221\jre\lib\jfr.jar;C:\Program Files\Java\jdk1.8.0_221\jre\classes, java.vendor=Oracle Corporation, localRepository=C:\Users\asunder\.m2\repository, file.separator=\, java.vendor.url.bug=http://bugreport.sun.com/bugreport/, sun.io.unicode.encoding=UnicodeLittle, sun.cpu.endian=little, sun.desktop=windows, sun.cpu.isalist=amd64}}, SystemEnvironmentPropertySource@611563982 {name='systemEnvironment', properties={PATH=C:/Program Files/Java/jdk1.8.0_221/bin/../jre/bin/server;C:/Program Files/Java/jdk1.8.0_221/bin/../jre/bin;C:/Program Files/Java/jdk1.8.0_221/bin/../jre/lib/amd64;C:\WINDOWS\system32;C:\WINDOWS;C:\WINDOWS\System32\Wbem;C:\WINDOWS\System32\WindowsPowerShell\v1.0\;C:\WINDOWS\System32\OpenSSH\;C:\Program Files\Amazon\AWSCLI\bin\;C:\Program Files\Docker\Docker\resources\bin;C:\ProgramData\DockerDesktop\version-bin;C:\Program Files\Java\jdk1.8.0_221\bin;C:\Program Files\MySQL\MySQL Shell 8.0\bin\;C:\Ruby25-x64\bin;C:\Program Files\apache-maven-3.6.1\bin;;C:\Users\asunder\AppData\Local\Programs\Microsoft VS Code\bin;C:\Users\asunder\AppData\Roaming\Cloud Foundry;C:\STS\STS-3.9.8-win32-x86_64\sts-bundle\sts-3.9.8.RELEASE;, USERDOMAIN_ROAMINGPROFILE=CORP, PROCESSOR_LEVEL=6, SYSTEMDRIVE=C:, SESSIONNAME=Console, ALLUSERSPROFILE=C:\ProgramData, PROCESSOR_ARCHITECTURE=AMD64, DRIVERDATA=C:\Windows\System32\Drivers\DriverData, MAVEN_HOME=C:\Program Files\apache-maven-3.6.1, PROGRAMFILES=C:\Program Files, =A:=A:\, PSMODULEPATH=C:\Program Files\WindowsPowerShell\Modules;C:\WINDOWS\system32\WindowsPowerShell\v1.0\Modules, PROGRAMDATA=C:\ProgramData, USERNAME=asunder, USERDNSDOMAIN=CORP.CAPGEMINI.COM, FPS_BROWSER_USER_PROFILE_STRING=Default, ONEDRIVE=C:\Users\asunder\OneDrive - Capgemini, PATHEXT=.COM;.EXE;.BAT;.CMD;.VBS;.VBE;.JS;.JSE;.WSF;.WSH;.MSC;.RB;.RBW, WINDIR=C:\WINDOWS, HOMEPATH=\Users\asunder, PROCESSOR_IDENTIFIER=Intel64 Family 6 Model 158 Stepping 10, GenuineIntel, PUBLIC=C:\Users\Public, GPPT_INSTALLFOLDER=c:\Installers, =::=::\, OPENSSL_CONF=C:\OpenSSL-Win64\bin\openssl.cfg, LOCALAPPDATA=C:\Users\asunder\AppData\Local, COMMONPROGRAMFILES(X86)=C:\Program Files (x86)\Common Files, GPPT_CACHEFOLDER=C:\Windows\ccmcache, USERDOMAIN=CORP, FPS_BROWSER_APP_PROFILE_STRING=Internet Explorer, LOGONSERVER=\\WADNAR12, JAVA_HOME=C:\Program Files\Java\jdk1.8.0_221, PROMPT=$P$G, PROGRAMFILES(X86)=C:\Program Files (x86), ERLANG_HOME=C:\Program Files\erl10.3, =C:=C:\Downloads\springbootrestdemo, APPDATA=C:\Users\asunder\AppData\Roaming, PROGRAMW6432=C:\Program Files, SYSTEMROOT=C:\WINDOWS, GPPT_LOGFOLDER=C:\SCCM_logs, OS=Windows_NT, ONEDRIVECOMMERCIAL=C:\Users\asunder\OneDrive - Capgemini, COMMONPROGRAMW6432=C:\Program Files\Common Files, COMPUTERNAME=LNAR-5CD9051V6X, COMMONPROGRAMFILES=C:\Program Files\Common Files, COMSPEC=C:\WINDOWS\system32\cmd.exe, PROCESSOR_REVISION=9e0a, UATDATA=C:\WINDOWS\CCM\UATData\D9F8C395-CAB8-491d-B8AC-179A1FE1BE77, =D:=D:\, TEMP=C:\Users\asunder\AppData\Local\Temp, HOMEDRIVE=C:, USERPROFILE=C:\Users\asunder, TMP=C:\Users\asunder\AppData\Local\Temp, NUMBER_OF_PROCESSORS=12}}]
23:09:14.646 [main] DEBUG org.springframework.core.io.support.PathMatchingResourcePatternResolver - Resolved classpath location [com/cg/invent/demo/] to resources [URL [file:/C:/Downloads/springbootrestdemo/target/test-classes/com/cg/invent/demo/]]
23:09:14.646 [main] DEBUG org.springframework.core.io.support.PathMatchingResourcePatternResolver - Looking for matching resources in directory tree [C:\Downloads\springbootrestdemo\target\test-classes\com\cg\invent\demo]
23:09:14.646 [main] DEBUG org.springframework.core.io.support.PathMatchingResourcePatternResolver - Searching directory [C:\Downloads\springbootrestdemo\target\test-classes\com\cg\invent\demo] for files matching pattern [C:/Downloads/springbootrestdemo/target/test-classes/com/cg/invent/demo/*.class]
23:09:14.650 [main] DEBUG org.springframework.core.io.support.PathMatchingResourcePatternResolver - Resolved location pattern [classpath*:com/cg/invent/demo/*.class] to resources [file [C:\Downloads\springbootrestdemo\target\test-classes\com\cg\invent\demo\SpringBootDemoApplicationTests.class]]
23:09:14.684 [main] DEBUG org.springframework.core.io.support.PathMatchingResourcePatternResolver - Resolved classpath location [com/cg/invent/] to resources [URL [file:/C:/Downloads/springbootrestdemo/target/test-classes/com/cg/invent/]]
23:09:14.684 [main] DEBUG org.springframework.core.io.support.PathMatchingResourcePatternResolver - Looking for matching resources in directory tree [C:\Downloads\springbootrestdemo\target\test-classes\com\cg\invent]
23:09:14.685 [main] DEBUG org.springframework.core.io.support.PathMatchingResourcePatternResolver - Searching directory [C:\Downloads\springbootrestdemo\target\test-classes\com\cg\invent] for files matching pattern [C:/Downloads/springbootrestdemo/target/test-classes/com/cg/invent/*.class]
23:09:14.686 [main] DEBUG org.springframework.core.io.support.PathMatchingResourcePatternResolver - Resolved location pattern [classpath*:com/cg/invent/*.class] to resources []
23:09:14.686 [main] DEBUG org.springframework.core.io.support.PathMatchingResourcePatternResolver - Resolved classpath location [com/cg/] to resources [URL [file:/C:/Downloads/springbootrestdemo/target/test-classes/com/cg/]]
23:09:14.687 [main] DEBUG org.springframework.core.io.support.PathMatchingResourcePatternResolver - Looking for matching resources in directory tree [C:\Downloads\springbootrestdemo\target\test-classes\com\cg]
23:09:14.687 [main] DEBUG org.springframework.core.io.support.PathMatchingResourcePatternResolver - Searching directory [C:\Downloads\springbootrestdemo\target\test-classes\com\cg] for files matching pattern [C:/Downloads/springbootrestdemo/target/test-classes/com/cg/*.class]
23:09:14.688 [main] DEBUG org.springframework.core.io.support.PathMatchingResourcePatternResolver - Resolved location pattern [classpath*:com/cg/*.class] to resources []
23:09:14.689 [main] DEBUG org.springframework.core.io.support.PathMatchingResourcePatternResolver - Resolved classpath location [com/] to resources [URL [file:/C:/Downloads/springbootrestdemo/target/test-classes/com/], URL [file:/C:/Downloads/springbootrestdemo/target/classes/com/], URL [jar:file:/C:/Users/asunder/.m2/repository/com/fasterxml/jackson/core/jackson-databind/2.9.6/jackson-databind-2.9.6.jar!/com/], URL [jar:file:/C:/Users/asunder/.m2/repository/com/fasterxml/jackson/core/jackson-annotations/2.9.0/jackson-annotations-2.9.0.jar!/com/], URL [jar:file:/C:/Users/asunder/.m2/repository/com/fasterxml/jackson/core/jackson-core/2.9.6/jackson-core-2.9.6.jar!/com/], URL [jar:file:/C:/Users/asunder/.m2/repository/com/fasterxml/jackson/datatype/jackson-datatype-jdk8/2.9.6/jackson-datatype-jdk8-2.9.6.jar!/com/], URL [jar:file:/C:/Users/asunder/.m2/repository/com/fasterxml/jackson/datatype/jackson-datatype-jsr310/2.9.6/jackson-datatype-jsr310-2.9.6.jar!/com/], URL [jar:file:/C:/Users/asunder/.m2/repository/com/fasterxml/jackson/module/jackson-module-parameter-names/2.9.6/jackson-module-parameter-names-2.9.6.jar!/com/], URL [jar:file:/C:/Users/asunder/.m2/repository/com/fasterxml/classmate/1.3.4/classmate-1.3.4.jar!/com/], URL [jar:file:/C:/Users/asunder/.m2/repository/com/jayway/jsonpath/json-path/2.4.0/json-path-2.4.0.jar!/com/], URL [jar:file:/C:/Users/asunder/.m2/repository/org/projectlombok/lombok/1.16.22/lombok-1.16.22.jar!/com/], URL [jar:file:/C:/Users/asunder/.m2/repository/com/splunk/splunk/1.6.0.0/splunk-1.6.0.0.jar!/com/]]
23:09:14.689 [main] DEBUG org.springframework.core.io.support.PathMatchingResourcePatternResolver - Looking for matching resources in directory tree [C:\Downloads\springbootrestdemo\target\test-classes\com]
23:09:14.689 [main] DEBUG org.springframework.core.io.support.PathMatchingResourcePatternResolver - Searching directory [C:\Downloads\springbootrestdemo\target\test-classes\com] for files matching pattern [C:/Downloads/springbootrestdemo/target/test-classes/com/*.class]
23:09:14.690 [main] DEBUG org.springframework.core.io.support.PathMatchingResourcePatternResolver - Looking for matching resources in directory tree [C:\Downloads\springbootrestdemo\target\classes\com]
23:09:14.691 [main] DEBUG org.springframework.core.io.support.PathMatchingResourcePatternResolver - Searching directory [C:\Downloads\springbootrestdemo\target\classes\com] for files matching pattern [C:/Downloads/springbootrestdemo/target/classes/com/*.class]
23:09:14.692 [main] DEBUG org.springframework.core.io.support.PathMatchingResourcePatternResolver - Looking for matching resources in jar file [file:/C:/Users/asunder/.m2/repository/com/fasterxml/jackson/core/jackson-databind/2.9.6/jackson-databind-2.9.6.jar]
23:09:14.701 [main] DEBUG org.springframework.core.io.support.PathMatchingResourcePatternResolver - Looking for matching resources in jar file [file:/C:/Users/asunder/.m2/repository/com/fasterxml/jackson/core/jackson-annotations/2.9.0/jackson-annotations-2.9.0.jar]
23:09:14.702 [main] DEBUG org.springframework.core.io.support.PathMatchingResourcePatternResolver - Looking for matching resources in jar file [file:/C:/Users/asunder/.m2/repository/com/fasterxml/jackson/core/jackson-core/2.9.6/jackson-core-2.9.6.jar]
23:09:14.703 [main] DEBUG org.springframework.core.io.support.PathMatchingResourcePatternResolver - Looking for matching resources in jar file [file:/C:/Users/asunder/.m2/repository/com/fasterxml/jackson/datatype/jackson-datatype-jdk8/2.9.6/jackson-datatype-jdk8-2.9.6.jar]
23:09:14.704 [main] DEBUG org.springframework.core.io.support.PathMatchingResourcePatternResolver - Looking for matching resources in jar file [file:/C:/Users/asunder/.m2/repository/com/fasterxml/jackson/datatype/jackson-datatype-jsr310/2.9.6/jackson-datatype-jsr310-2.9.6.jar]
23:09:14.705 [main] DEBUG org.springframework.core.io.support.PathMatchingResourcePatternResolver - Looking for matching resources in jar file [file:/C:/Users/asunder/.m2/repository/com/fasterxml/jackson/module/jackson-module-parameter-names/2.9.6/jackson-module-parameter-names-2.9.6.jar]
23:09:14.705 [main] DEBUG org.springframework.core.io.support.PathMatchingResourcePatternResolver - Looking for matching resources in jar file [file:/C:/Users/asunder/.m2/repository/com/fasterxml/classmate/1.3.4/classmate-1.3.4.jar]
23:09:14.706 [main] DEBUG org.springframework.core.io.support.PathMatchingResourcePatternResolver - Looking for matching resources in jar file [file:/C:/Users/asunder/.m2/repository/com/jayway/jsonpath/json-path/2.4.0/json-path-2.4.0.jar]
23:09:14.707 [main] DEBUG org.springframework.core.io.support.PathMatchingResourcePatternResolver - Looking for matching resources in jar file [file:/C:/Users/asunder/.m2/repository/org/projectlombok/lombok/1.16.22/lombok-1.16.22.jar]
23:09:14.709 [main] DEBUG org.springframework.core.io.support.PathMatchingResourcePatternResolver - Looking for matching resources in jar file [file:/C:/Users/asunder/.m2/repository/com/splunk/splunk/1.6.0.0/splunk-1.6.0.0.jar]
23:09:14.710 [main] DEBUG org.springframework.core.io.support.PathMatchingResourcePatternResolver - Resolved location pattern [classpath*:com/*.class] to resources []
]]></system-out>
  </testcase>
</testsuite>